{"E:\\testProjects\\JS\\AviaSales\\src\\js\\app.js": {"path":"E:\\testProjects\\JS\\AviaSales\\src\\js\\app.js","statementMap":{"0":{"start":{"line":11,"column":0},"end":{"line":94,"column":3}},"1":{"start":{"line":12,"column":4},"end":{"line":12,"column":14}},"2":{"start":{"line":14,"column":17},"end":{"line":14,"column":28}},"3":{"start":{"line":15,"column":29},"end":{"line":15,"column":72}},"4":{"start":{"line":16,"column":31},"end":{"line":16,"column":67}},"5":{"start":{"line":18,"column":4},"end":{"line":26,"column":7}},"6":{"start":{"line":19,"column":8},"end":{"line":19,"column":27}},"7":{"start":{"line":20,"column":31},"end":{"line":20,"column":107}},"8":{"start":{"line":21,"column":8},"end":{"line":25,"column":11}},"9":{"start":{"line":22,"column":12},"end":{"line":24,"column":13}},"10":{"start":{"line":23,"column":16},"end":{"line":23,"column":40}},"11":{"start":{"line":28,"column":4},"end":{"line":36,"column":7}},"12":{"start":{"line":29,"column":8},"end":{"line":29,"column":27}},"13":{"start":{"line":30,"column":38},"end":{"line":30,"column":94}},"14":{"start":{"line":31,"column":8},"end":{"line":35,"column":11}},"15":{"start":{"line":32,"column":12},"end":{"line":34,"column":13}},"16":{"start":{"line":33,"column":16},"end":{"line":33,"column":42}},"17":{"start":{"line":38,"column":4},"end":{"line":41,"column":7}},"18":{"start":{"line":39,"column":8},"end":{"line":39,"column":27}},"19":{"start":{"line":40,"column":8},"end":{"line":40,"column":23}},"20":{"start":{"line":44,"column":8},"end":{"line":44,"column":25}},"21":{"start":{"line":45,"column":8},"end":{"line":45,"column":67}},"22":{"start":{"line":46,"column":8},"end":{"line":46,"column":71}},"23":{"start":{"line":50,"column":35},"end":{"line":50,"column":81}},"24":{"start":{"line":51,"column":40},"end":{"line":51,"column":91}},"25":{"start":{"line":52,"column":30},"end":{"line":52,"column":48}},"26":{"start":{"line":53,"column":27},"end":{"line":53,"column":45}},"27":{"start":{"line":54,"column":19},"end":{"line":54,"column":43}},"28":{"start":{"line":56,"column":31},"end":{"line":61,"column":10}},"29":{"start":{"line":62,"column":8},"end":{"line":62,"column":47}},"30":{"start":{"line":67,"column":26},"end":{"line":67,"column":65}},"31":{"start":{"line":68,"column":8},"end":{"line":68,"column":31}},"32":{"start":{"line":70,"column":8},"end":{"line":70,"column":51}},"33":{"start":{"line":71,"column":8},"end":{"line":71,"column":54}},"34":{"start":{"line":72,"column":8},"end":{"line":72,"column":51}},"35":{"start":{"line":74,"column":8},"end":{"line":74,"column":44}},"36":{"start":{"line":75,"column":8},"end":{"line":75,"column":71}},"37":{"start":{"line":79,"column":26},"end":{"line":79,"column":65}},"38":{"start":{"line":80,"column":31},"end":{"line":80,"column":107}},"39":{"start":{"line":81,"column":8},"end":{"line":89,"column":11}},"40":{"start":{"line":82,"column":30},"end":{"line":82,"column":60}},"41":{"start":{"line":83,"column":12},"end":{"line":88,"column":13}},"42":{"start":{"line":84,"column":16},"end":{"line":84,"column":51}},"43":{"start":{"line":85,"column":16},"end":{"line":85,"column":47}},"44":{"start":{"line":86,"column":16},"end":{"line":86,"column":50}},"45":{"start":{"line":87,"column":16},"end":{"line":87,"column":46}},"46":{"start":{"line":90,"column":8},"end":{"line":90,"column":49}},"47":{"start":{"line":91,"column":8},"end":{"line":91,"column":71}}},"fnMap":{"0":{"name":"(anonymous_0)","decl":{"start":{"line":11,"column":46},"end":{"line":11,"column":47}},"loc":{"start":{"line":11,"column":52},"end":{"line":94,"column":1}},"line":11},"1":{"name":"(anonymous_1)","decl":{"start":{"line":18,"column":47},"end":{"line":18,"column":48}},"loc":{"start":{"line":18,"column":54},"end":{"line":26,"column":5}},"line":18},"2":{"name":"(anonymous_2)","decl":{"start":{"line":21,"column":31},"end":{"line":21,"column":32}},"loc":{"start":{"line":21,"column":37},"end":{"line":25,"column":9}},"line":21},"3":{"name":"(anonymous_3)","decl":{"start":{"line":28,"column":49},"end":{"line":28,"column":50}},"loc":{"start":{"line":28,"column":56},"end":{"line":36,"column":5}},"line":28},"4":{"name":"(anonymous_4)","decl":{"start":{"line":31,"column":38},"end":{"line":31,"column":39}},"loc":{"start":{"line":31,"column":44},"end":{"line":35,"column":9}},"line":31},"5":{"name":"(anonymous_5)","decl":{"start":{"line":38,"column":36},"end":{"line":38,"column":37}},"loc":{"start":{"line":38,"column":43},"end":{"line":41,"column":5}},"line":38},"6":{"name":"initApp","decl":{"start":{"line":43,"column":13},"end":{"line":43,"column":20}},"loc":{"start":{"line":43,"column":23},"end":{"line":47,"column":5}},"line":43},"7":{"name":"onFormSubmit","decl":{"start":{"line":49,"column":19},"end":{"line":49,"column":31}},"loc":{"start":{"line":49,"column":34},"end":{"line":64,"column":5}},"line":49},"8":{"name":"onAddFavoritesClick","decl":{"start":{"line":66,"column":13},"end":{"line":66,"column":32}},"loc":{"start":{"line":66,"column":46},"end":{"line":76,"column":5}},"line":66},"9":{"name":"onFavoriteDeleteClick","decl":{"start":{"line":78,"column":13},"end":{"line":78,"column":34}},"loc":{"start":{"line":78,"column":48},"end":{"line":92,"column":5}},"line":78},"10":{"name":"(anonymous_10)","decl":{"start":{"line":81,"column":31},"end":{"line":81,"column":32}},"loc":{"start":{"line":81,"column":37},"end":{"line":89,"column":9}},"line":81}},"branchMap":{"0":{"loc":{"start":{"line":22,"column":12},"end":{"line":24,"column":13}},"type":"if","locations":[{"start":{"line":22,"column":12},"end":{"line":24,"column":13}},{"start":{},"end":{}}],"line":22},"1":{"loc":{"start":{"line":32,"column":12},"end":{"line":34,"column":13}},"type":"if","locations":[{"start":{"line":32,"column":12},"end":{"line":34,"column":13}},{"start":{},"end":{}}],"line":32},"2":{"loc":{"start":{"line":83,"column":12},"end":{"line":88,"column":13}},"type":"if","locations":[{"start":{"line":83,"column":12},"end":{"line":88,"column":13}},{"start":{},"end":{}}],"line":83}},"s":{"0":0,"1":0,"2":0,"3":0,"4":0,"5":0,"6":0,"7":0,"8":0,"9":0,"10":0,"11":0,"12":0,"13":0,"14":0,"15":0,"16":0,"17":0,"18":0,"19":0,"20":0,"21":0,"22":0,"23":0,"24":0,"25":0,"26":0,"27":0,"28":0,"29":0,"30":0,"31":0,"32":0,"33":0,"34":0,"35":0,"36":0,"37":0,"38":0,"39":0,"40":0,"41":0,"42":0,"43":0,"44":0,"45":0,"46":0,"47":0},"f":{"0":0,"1":0,"2":0,"3":0,"4":0,"5":0,"6":0,"7":0,"8":0,"9":0,"10":0},"b":{"0":[0,0],"1":[0,0],"2":[0,0]}}
,"E:\\testProjects\\JS\\AviaSales\\src\\js\\config\\api.js": {"path":"E:\\testProjects\\JS\\AviaSales\\src\\js\\config\\api.js","statementMap":{"0":{"start":{"line":1,"column":19},"end":{"line":5,"column":1}}},"fnMap":{},"branchMap":{},"s":{"0":0},"f":{},"b":{}}
,"E:\\testProjects\\JS\\AviaSales\\src\\js\\helpers\\date.js": {"path":"E:\\testProjects\\JS\\AviaSales\\src\\js\\helpers\\date.js","statementMap":{"0":{"start":{"line":9,"column":17},"end":{"line":9,"column":30}},"1":{"start":{"line":10,"column":4},"end":{"line":10,"column":30}}},"fnMap":{"0":{"name":"formatDate","decl":{"start":{"line":8,"column":16},"end":{"line":8,"column":26}},"loc":{"start":{"line":8,"column":38},"end":{"line":11,"column":1}},"line":8}},"branchMap":{},"s":{"0":1,"1":1},"f":{"0":1},"b":{},"_coverageSchema":"1a1c01bbd47fc00a2c39e90264f33305004495a9","hash":"5c9851e00fe6244a34bdba6be105242742a15a48"}
,"E:\\testProjects\\JS\\AviaSales\\src\\js\\plugins\\index.js": {"path":"E:\\testProjects\\JS\\AviaSales\\src\\js\\plugins\\index.js","statementMap":{},"fnMap":{},"branchMap":{},"s":{},"f":{},"b":{}}
,"E:\\testProjects\\JS\\AviaSales\\src\\js\\plugins\\materialize.js": {"path":"E:\\testProjects\\JS\\AviaSales\\src\\js\\plugins\\materialize.js","statementMap":{"0":{"start":{"line":5,"column":16},"end":{"line":5,"column":51}},"1":{"start":{"line":6,"column":0},"end":{"line":6,"column":27}},"2":{"start":{"line":9,"column":2},"end":{"line":9,"column":40}},"3":{"start":{"line":13,"column":24},"end":{"line":13,"column":66}},"4":{"start":{"line":14,"column":0},"end":{"line":14,"column":37}},"5":{"start":{"line":17,"column":2},"end":{"line":17,"column":42}},"6":{"start":{"line":21,"column":20},"end":{"line":21,"column":60}},"7":{"start":{"line":22,"column":0},"end":{"line":25,"column":3}},"8":{"start":{"line":28,"column":2},"end":{"line":28,"column":40}},"9":{"start":{"line":31,"column":17},"end":{"line":31,"column":63}},"10":{"start":{"line":32,"column":0},"end":{"line":37,"column":3}}},"fnMap":{"0":{"name":"getSelectInstance","decl":{"start":{"line":8,"column":16},"end":{"line":8,"column":33}},"loc":{"start":{"line":8,"column":40},"end":{"line":10,"column":1}},"line":8},"1":{"name":"getAutocompleteInstance","decl":{"start":{"line":16,"column":16},"end":{"line":16,"column":39}},"loc":{"start":{"line":16,"column":46},"end":{"line":18,"column":1}},"line":16},"2":{"name":"getDatePickerInstance","decl":{"start":{"line":27,"column":16},"end":{"line":27,"column":37}},"loc":{"start":{"line":27,"column":44},"end":{"line":29,"column":1}},"line":27}},"branchMap":{},"s":{"0":0,"1":0,"2":0,"3":0,"4":0,"5":0,"6":0,"7":0,"8":0,"9":0,"10":0},"f":{"0":0,"1":0,"2":0},"b":{}}
,"E:\\testProjects\\JS\\AviaSales\\src\\js\\services\\api-service.js": {"path":"E:\\testProjects\\JS\\AviaSales\\src\\js\\services\\api-service.js","statementMap":{"0":{"start":{"line":8,"column":8},"end":{"line":8,"column":72}},"1":{"start":{"line":9,"column":8},"end":{"line":9,"column":66}},"2":{"start":{"line":10,"column":8},"end":{"line":10,"column":40}},"3":{"start":{"line":11,"column":8},"end":{"line":11,"column":38}},"4":{"start":{"line":12,"column":8},"end":{"line":12,"column":44}},"5":{"start":{"line":13,"column":8},"end":{"line":13,"column":26}},"6":{"start":{"line":14,"column":8},"end":{"line":14,"column":35}},"7":{"start":{"line":15,"column":8},"end":{"line":15,"column":30}},"8":{"start":{"line":19,"column":8},"end":{"line":24,"column":9}},"9":{"start":{"line":20,"column":12},"end":{"line":20,"column":29}},"10":{"start":{"line":23,"column":12},"end":{"line":23,"column":29}},"11":{"start":{"line":28,"column":8},"end":{"line":33,"column":9}},"12":{"start":{"line":29,"column":12},"end":{"line":29,"column":26}},"13":{"start":{"line":32,"column":12},"end":{"line":32,"column":29}},"14":{"start":{"line":37,"column":8},"end":{"line":39,"column":9}},"15":{"start":{"line":38,"column":12},"end":{"line":38,"column":30}},"16":{"start":{"line":41,"column":19},"end":{"line":45,"column":10}},"17":{"start":{"line":47,"column":21},"end":{"line":55,"column":9}},"18":{"start":{"line":57,"column":8},"end":{"line":65,"column":9}},"19":{"start":{"line":58,"column":29},"end":{"line":58,"column":56}},"20":{"start":{"line":59,"column":12},"end":{"line":59,"column":52}},"21":{"start":{"line":60,"column":12},"end":{"line":60,"column":92}},"22":{"start":{"line":61,"column":12},"end":{"line":61,"column":30}},"23":{"start":{"line":64,"column":12},"end":{"line":64,"column":29}},"24":{"start":{"line":69,"column":22},"end":{"line":69,"column":43}},"25":{"start":{"line":71,"column":21},"end":{"line":79,"column":9}},"26":{"start":{"line":80,"column":8},"end":{"line":86,"column":9}},"27":{"start":{"line":81,"column":29},"end":{"line":81,"column":56}},"28":{"start":{"line":82,"column":12},"end":{"line":82,"column":33}},"29":{"start":{"line":85,"column":12},"end":{"line":85,"column":29}},"30":{"start":{"line":90,"column":22},"end":{"line":90,"column":43}},"31":{"start":{"line":91,"column":27},"end":{"line":91,"column":65}},"32":{"start":{"line":93,"column":20},"end":{"line":93,"column":78}},"33":{"start":{"line":94,"column":21},"end":{"line":102,"column":9}},"34":{"start":{"line":103,"column":8},"end":{"line":109,"column":9}},"35":{"start":{"line":104,"column":29},"end":{"line":104,"column":56}},"36":{"start":{"line":105,"column":12},"end":{"line":105,"column":33}},"37":{"start":{"line":108,"column":12},"end":{"line":108,"column":29}},"38":{"start":{"line":113,"column":12},"end":{"line":113,"column":27}}},"fnMap":{"0":{"name":"(anonymous_0)","decl":{"start":{"line":7,"column":4},"end":{"line":7,"column":5}},"loc":{"start":{"line":7,"column":24},"end":{"line":16,"column":5}},"line":7},"1":{"name":"(anonymous_1)","decl":{"start":{"line":18,"column":4},"end":{"line":18,"column":5}},"loc":{"start":{"line":18,"column":19},"end":{"line":25,"column":5}},"line":18},"2":{"name":"(anonymous_2)","decl":{"start":{"line":27,"column":4},"end":{"line":27,"column":5}},"loc":{"start":{"line":27,"column":16},"end":{"line":34,"column":5}},"line":27},"3":{"name":"(anonymous_3)","decl":{"start":{"line":36,"column":4},"end":{"line":36,"column":5}},"loc":{"start":{"line":36,"column":21},"end":{"line":66,"column":5}},"line":36},"4":{"name":"(anonymous_4)","decl":{"start":{"line":68,"column":4},"end":{"line":68,"column":5}},"loc":{"start":{"line":68,"column":24},"end":{"line":87,"column":5}},"line":68},"5":{"name":"(anonymous_5)","decl":{"start":{"line":89,"column":4},"end":{"line":89,"column":5}},"loc":{"start":{"line":89,"column":28},"end":{"line":110,"column":5}},"line":89}},"branchMap":{"0":{"loc":{"start":{"line":37,"column":8},"end":{"line":39,"column":9}},"type":"if","locations":[{"start":{"line":37,"column":8},"end":{"line":39,"column":9}},{"start":{},"end":{}}],"line":37},"1":{"loc":{"start":{"line":37,"column":12},"end":{"line":37,"column":58}},"type":"binary-expr","locations":[{"start":{"line":37,"column":12},"end":{"line":37,"column":22}},{"start":{"line":37,"column":26},"end":{"line":37,"column":58}}],"line":37}},"s":{"0":0,"1":0,"2":0,"3":0,"4":0,"5":0,"6":0,"7":0,"8":0,"9":0,"10":0,"11":0,"12":0,"13":0,"14":0,"15":0,"16":0,"17":0,"18":0,"19":0,"20":0,"21":0,"22":0,"23":0,"24":0,"25":0,"26":0,"27":0,"28":0,"29":0,"30":0,"31":0,"32":0,"33":0,"34":0,"35":0,"36":0,"37":0,"38":0},"f":{"0":0,"1":0,"2":0,"3":0,"4":0,"5":0},"b":{"0":[0,0],"1":[0,0]}}
,"E:\\testProjects\\JS\\AviaSales\\src\\js\\store\\favorites.js": {"path":"E:\\testProjects\\JS\\AviaSales\\src\\js\\store\\favorites.js","statementMap":{"0":{"start":{"line":5,"column":8},"end":{"line":5,"column":31}},"1":{"start":{"line":6,"column":8},"end":{"line":6,"column":75}},"2":{"start":{"line":10,"column":8},"end":{"line":10,"column":33}},"3":{"start":{"line":14,"column":8},"end":{"line":18,"column":9}},"4":{"start":{"line":15,"column":34},"end":{"line":15,"column":57}},"5":{"start":{"line":16,"column":31},"end":{"line":16,"column":80}},"6":{"start":{"line":16,"column":58},"end":{"line":16,"column":79}},"7":{"start":{"line":17,"column":12},"end":{"line":17,"column":47}},"8":{"start":{"line":22,"column":24},"end":{"line":22,"column":79}},"9":{"start":{"line":22,"column":57},"end":{"line":22,"column":78}},"10":{"start":{"line":23,"column":8},"end":{"line":23,"column":36}},"11":{"start":{"line":27,"column":20},"end":{"line":27,"column":73}},"12":{"start":{"line":27,"column":51},"end":{"line":27,"column":72}},"13":{"start":{"line":28,"column":8},"end":{"line":28,"column":19}},"14":{"start":{"line":32,"column":17},"end":{"line":32,"column":40}}},"fnMap":{"0":{"name":"(anonymous_0)","decl":{"start":{"line":4,"column":4},"end":{"line":4,"column":5}},"loc":{"start":{"line":4,"column":27},"end":{"line":7,"column":5}},"line":4},"1":{"name":"(anonymous_1)","decl":{"start":{"line":9,"column":4},"end":{"line":9,"column":5}},"loc":{"start":{"line":9,"column":22},"end":{"line":11,"column":5}},"line":9},"2":{"name":"(anonymous_2)","decl":{"start":{"line":13,"column":4},"end":{"line":13,"column":5}},"loc":{"start":{"line":13,"column":30},"end":{"line":19,"column":5}},"line":13},"3":{"name":"(anonymous_3)","decl":{"start":{"line":16,"column":50},"end":{"line":16,"column":51}},"loc":{"start":{"line":16,"column":58},"end":{"line":16,"column":79}},"line":16},"4":{"name":"(anonymous_4)","decl":{"start":{"line":21,"column":4},"end":{"line":21,"column":5}},"loc":{"start":{"line":21,"column":35},"end":{"line":24,"column":5}},"line":21},"5":{"name":"(anonymous_5)","decl":{"start":{"line":22,"column":49},"end":{"line":22,"column":50}},"loc":{"start":{"line":22,"column":57},"end":{"line":22,"column":78}},"line":22},"6":{"name":"(anonymous_6)","decl":{"start":{"line":26,"column":4},"end":{"line":26,"column":5}},"loc":{"start":{"line":26,"column":29},"end":{"line":29,"column":5}},"line":26},"7":{"name":"(anonymous_7)","decl":{"start":{"line":27,"column":43},"end":{"line":27,"column":44}},"loc":{"start":{"line":27,"column":51},"end":{"line":27,"column":72}},"line":27}},"branchMap":{"0":{"loc":{"start":{"line":14,"column":8},"end":{"line":18,"column":9}},"type":"if","locations":[{"start":{"line":14,"column":8},"end":{"line":18,"column":9}},{"start":{},"end":{}}],"line":14}},"s":{"0":0,"1":0,"2":0,"3":0,"4":0,"5":0,"6":0,"7":0,"8":0,"9":0,"10":0,"11":0,"12":0,"13":0,"14":0},"f":{"0":0,"1":0,"2":0,"3":0,"4":0,"5":0,"6":0,"7":0},"b":{"0":[0,0]}}
,"E:\\testProjects\\JS\\AviaSales\\src\\js\\store\\locations.js": {"path":"E:\\testProjects\\JS\\AviaSales\\src\\js\\store\\locations.js","statementMap":{"0":{"start":{"line":7,"column":8},"end":{"line":7,"column":23}},"1":{"start":{"line":8,"column":8},"end":{"line":8,"column":30}},"2":{"start":{"line":9,"column":8},"end":{"line":9,"column":27}},"3":{"start":{"line":10,"column":8},"end":{"line":10,"column":30}},"4":{"start":{"line":11,"column":8},"end":{"line":11,"column":29}},"5":{"start":{"line":12,"column":8},"end":{"line":12,"column":31}},"6":{"start":{"line":13,"column":8},"end":{"line":13,"column":34}},"7":{"start":{"line":14,"column":8},"end":{"line":14,"column":45}},"8":{"start":{"line":18,"column":8},"end":{"line":18,"column":74}},"9":{"start":{"line":19,"column":8},"end":{"line":19,"column":65}},"10":{"start":{"line":20,"column":8},"end":{"line":23,"column":10}},"11":{"start":{"line":27,"column":8},"end":{"line":27,"column":34}},"12":{"start":{"line":31,"column":27},"end":{"line":34,"column":14}},"13":{"start":{"line":32,"column":12},"end":{"line":32,"column":41}},"14":{"start":{"line":33,"column":12},"end":{"line":33,"column":23}},"15":{"start":{"line":35,"column":8},"end":{"line":35,"column":25}},"16":{"start":{"line":39,"column":21},"end":{"line":39,"column":86}},"17":{"start":{"line":39,"column":61},"end":{"line":39,"column":85}},"18":{"start":{"line":40,"column":8},"end":{"line":40,"column":25}},"19":{"start":{"line":44,"column":21},"end":{"line":44,"column":38}},"20":{"start":{"line":45,"column":8},"end":{"line":45,"column":39}},"21":{"start":{"line":49,"column":8},"end":{"line":49,"column":48}},"22":{"start":{"line":53,"column":8},"end":{"line":53,"column":36}},"23":{"start":{"line":57,"column":8},"end":{"line":57,"column":35}},"24":{"start":{"line":61,"column":8},"end":{"line":61,"column":37}},"25":{"start":{"line":65,"column":8},"end":{"line":65,"column":28}},"26":{"start":{"line":66,"column":25},"end":{"line":66,"column":58}},"27":{"start":{"line":67,"column":8},"end":{"line":67,"column":56}},"28":{"start":{"line":68,"column":8},"end":{"line":68,"column":55}},"29":{"start":{"line":69,"column":8},"end":{"line":69,"column":59}},"30":{"start":{"line":70,"column":8},"end":{"line":70,"column":66}},"31":{"start":{"line":71,"column":8},"end":{"line":71,"column":28}},"32":{"start":{"line":72,"column":8},"end":{"line":72,"column":34}},"33":{"start":{"line":76,"column":8},"end":{"line":79,"column":15}},"34":{"start":{"line":77,"column":12},"end":{"line":77,"column":40}},"35":{"start":{"line":78,"column":12},"end":{"line":78,"column":23}},"36":{"start":{"line":83,"column":8},"end":{"line":94,"column":15}},"37":{"start":{"line":84,"column":33},"end":{"line":84,"column":77}},"38":{"start":{"line":85,"column":30},"end":{"line":85,"column":71}},"39":{"start":{"line":86,"column":32},"end":{"line":86,"column":63}},"40":{"start":{"line":87,"column":12},"end":{"line":92,"column":14}},"41":{"start":{"line":93,"column":12},"end":{"line":93,"column":23}},"42":{"start":{"line":98,"column":28},"end":{"line":134,"column":10}},"43":{"start":{"line":99,"column":30},"end":{"line":99,"column":82}},"44":{"start":{"line":100,"column":40},"end":{"line":100,"column":73}},"45":{"start":{"line":101,"column":34},"end":{"line":101,"column":118}},"46":{"start":{"line":103,"column":28},"end":{"line":103,"column":78}},"47":{"start":{"line":104,"column":38},"end":{"line":104,"column":69}},"48":{"start":{"line":105,"column":32},"end":{"line":105,"column":114}},"49":{"start":{"line":107,"column":29},"end":{"line":107,"column":76}},"50":{"start":{"line":108,"column":34},"end":{"line":108,"column":66}},"51":{"start":{"line":110,"column":28},"end":{"line":110,"column":73}},"52":{"start":{"line":111,"column":33},"end":{"line":111,"column":63}},"53":{"start":{"line":113,"column":29},"end":{"line":113,"column":50}},"54":{"start":{"line":114,"column":34},"end":{"line":114,"column":66}},"55":{"start":{"line":116,"column":12},"end":{"line":133,"column":13}},"56":{"start":{"line":135,"column":8},"end":{"line":135,"column":27}},"57":{"start":{"line":140,"column":18},"end":{"line":140,"column":50}}},"fnMap":{"0":{"name":"(anonymous_0)","decl":{"start":{"line":6,"column":4},"end":{"line":6,"column":5}},"loc":{"start":{"line":6,"column":30},"end":{"line":15,"column":5}},"line":6},"1":{"name":"(anonymous_1)","decl":{"start":{"line":17,"column":4},"end":{"line":17,"column":5}},"loc":{"start":{"line":17,"column":11},"end":{"line":24,"column":5}},"line":17},"2":{"name":"(anonymous_2)","decl":{"start":{"line":26,"column":4},"end":{"line":26,"column":5}},"loc":{"start":{"line":26,"column":23},"end":{"line":28,"column":5}},"line":26},"3":{"name":"(anonymous_3)","decl":{"start":{"line":30,"column":4},"end":{"line":30,"column":5}},"loc":{"start":{"line":30,"column":25},"end":{"line":36,"column":5}},"line":30},"4":{"name":"(anonymous_4)","decl":{"start":{"line":31,"column":61},"end":{"line":31,"column":62}},"loc":{"start":{"line":31,"column":76},"end":{"line":34,"column":9}},"line":31},"5":{"name":"(anonymous_5)","decl":{"start":{"line":38,"column":4},"end":{"line":38,"column":5}},"loc":{"start":{"line":38,"column":26},"end":{"line":41,"column":5}},"line":38},"6":{"name":"(anonymous_6)","decl":{"start":{"line":39,"column":53},"end":{"line":39,"column":54}},"loc":{"start":{"line":39,"column":61},"end":{"line":39,"column":85}},"line":39},"7":{"name":"(anonymous_7)","decl":{"start":{"line":43,"column":4},"end":{"line":43,"column":5}},"loc":{"start":{"line":43,"column":28},"end":{"line":46,"column":5}},"line":43},"8":{"name":"(anonymous_8)","decl":{"start":{"line":48,"column":4},"end":{"line":48,"column":5}},"loc":{"start":{"line":48,"column":38},"end":{"line":50,"column":5}},"line":48},"9":{"name":"(anonymous_9)","decl":{"start":{"line":52,"column":4},"end":{"line":52,"column":5}},"loc":{"start":{"line":52,"column":28},"end":{"line":54,"column":5}},"line":52},"10":{"name":"(anonymous_10)","decl":{"start":{"line":56,"column":4},"end":{"line":56,"column":5}},"loc":{"start":{"line":56,"column":27},"end":{"line":58,"column":5}},"line":56},"11":{"name":"(anonymous_11)","decl":{"start":{"line":60,"column":4},"end":{"line":60,"column":5}},"loc":{"start":{"line":60,"column":28},"end":{"line":62,"column":5}},"line":60},"12":{"name":"(anonymous_12)","decl":{"start":{"line":64,"column":4},"end":{"line":64,"column":5}},"loc":{"start":{"line":64,"column":39},"end":{"line":73,"column":5}},"line":64},"13":{"name":"(anonymous_13)","decl":{"start":{"line":75,"column":4},"end":{"line":75,"column":5}},"loc":{"start":{"line":75,"column":34},"end":{"line":80,"column":5}},"line":75},"14":{"name":"(anonymous_14)","decl":{"start":{"line":76,"column":32},"end":{"line":76,"column":33}},"loc":{"start":{"line":76,"column":50},"end":{"line":79,"column":9}},"line":76},"15":{"name":"(anonymous_15)","decl":{"start":{"line":82,"column":4},"end":{"line":82,"column":5}},"loc":{"start":{"line":82,"column":28},"end":{"line":95,"column":5}},"line":82},"16":{"name":"(anonymous_16)","decl":{"start":{"line":83,"column":29},"end":{"line":83,"column":30}},"loc":{"start":{"line":83,"column":44},"end":{"line":94,"column":9}},"line":83},"17":{"name":"(anonymous_17)","decl":{"start":{"line":97,"column":4},"end":{"line":97,"column":5}},"loc":{"start":{"line":97,"column":30},"end":{"line":136,"column":5}},"line":97},"18":{"name":"(anonymous_18)","decl":{"start":{"line":98,"column":40},"end":{"line":98,"column":41}},"loc":{"start":{"line":98,"column":50},"end":{"line":134,"column":9}},"line":98}},"branchMap":{"0":{"loc":{"start":{"line":45,"column":15},"end":{"line":45,"column":38}},"type":"cond-expr","locations":[{"start":{"line":45,"column":22},"end":{"line":45,"column":31}},{"start":{"line":45,"column":34},"end":{"line":45,"column":38}}],"line":45},"1":{"loc":{"start":{"line":85,"column":30},"end":{"line":85,"column":71}},"type":"binary-expr","locations":[{"start":{"line":85,"column":30},"end":{"line":85,"column":39}},{"start":{"line":85,"column":43},"end":{"line":85,"column":71}}],"line":85}},"s":{"0":0,"1":0,"2":0,"3":0,"4":0,"5":0,"6":0,"7":0,"8":0,"9":0,"10":0,"11":0,"12":0,"13":0,"14":0,"15":0,"16":0,"17":0,"18":0,"19":0,"20":0,"21":0,"22":0,"23":0,"24":0,"25":0,"26":0,"27":0,"28":0,"29":0,"30":0,"31":0,"32":0,"33":0,"34":0,"35":0,"36":0,"37":0,"38":0,"39":0,"40":0,"41":0,"42":0,"43":0,"44":0,"45":0,"46":0,"47":0,"48":0,"49":0,"50":0,"51":0,"52":0,"53":0,"54":0,"55":0,"56":0,"57":0},"f":{"0":0,"1":0,"2":0,"3":0,"4":0,"5":0,"6":0,"7":0,"8":0,"9":0,"10":0,"11":0,"12":0,"13":0,"14":0,"15":0,"16":0,"17":0,"18":0},"b":{"0":[0,0],"1":[0,0]}}
,"E:\\testProjects\\JS\\AviaSales\\src\\js\\views\\currency.js": {"path":"E:\\testProjects\\JS\\AviaSales\\src\\js\\views\\currency.js","statementMap":{"0":{"start":{"line":3,"column":8},"end":{"line":3,"column":60}},"1":{"start":{"line":4,"column":8},"end":{"line":7,"column":10}},"2":{"start":{"line":11,"column":8},"end":{"line":11,"column":35}},"3":{"start":{"line":15,"column":8},"end":{"line":15,"column":51}},"4":{"start":{"line":19,"column":19},"end":{"line":19,"column":35}}},"fnMap":{"0":{"name":"(anonymous_0)","decl":{"start":{"line":2,"column":4},"end":{"line":2,"column":5}},"loc":{"start":{"line":2,"column":18},"end":{"line":8,"column":5}},"line":2},"1":{"name":"(anonymous_1)","decl":{"start":{"line":10,"column":4},"end":{"line":10,"column":5}},"loc":{"start":{"line":10,"column":24},"end":{"line":12,"column":5}},"line":10},"2":{"name":"(anonymous_2)","decl":{"start":{"line":14,"column":4},"end":{"line":14,"column":5}},"loc":{"start":{"line":14,"column":24},"end":{"line":16,"column":5}},"line":14}},"branchMap":{},"s":{"0":0,"1":0,"2":0,"3":0,"4":0},"f":{"0":0,"1":0,"2":0},"b":{}}
,"E:\\testProjects\\JS\\AviaSales\\src\\js\\views\\favoriteList.js": {"path":"E:\\testProjects\\JS\\AviaSales\\src\\js\\views\\favoriteList.js","statementMap":{"0":{"start":{"line":3,"column":8},"end":{"line":3,"column":62}},"1":{"start":{"line":7,"column":8},"end":{"line":7,"column":30}},"2":{"start":{"line":8,"column":23},"end":{"line":8,"column":25}},"3":{"start":{"line":9,"column":8},"end":{"line":12,"column":9}},"4":{"start":{"line":10,"column":12},"end":{"line":10,"column":40}},"5":{"start":{"line":11,"column":12},"end":{"line":11,"column":19}},"6":{"start":{"line":13,"column":8},"end":{"line":16,"column":11}},"7":{"start":{"line":14,"column":23},"end":{"line":14,"column":52}},"8":{"start":{"line":15,"column":12},"end":{"line":15,"column":27}},"9":{"start":{"line":17,"column":8},"end":{"line":17,"column":66}},"10":{"start":{"line":21,"column":8},"end":{"line":21,"column":38}},"11":{"start":{"line":25,"column":8},"end":{"line":25,"column":84}},"12":{"start":{"line":29,"column":8},"end":{"line":57,"column":10}},"13":{"start":{"line":61,"column":23},"end":{"line":61,"column":43}}},"fnMap":{"0":{"name":"(anonymous_0)","decl":{"start":{"line":2,"column":4},"end":{"line":2,"column":5}},"loc":{"start":{"line":2,"column":18},"end":{"line":4,"column":5}},"line":2},"1":{"name":"(anonymous_1)","decl":{"start":{"line":6,"column":4},"end":{"line":6,"column":5}},"loc":{"start":{"line":6,"column":35},"end":{"line":18,"column":5}},"line":6},"2":{"name":"(anonymous_2)","decl":{"start":{"line":13,"column":22},"end":{"line":13,"column":23}},"loc":{"start":{"line":13,"column":30},"end":{"line":16,"column":9}},"line":13},"3":{"name":"(anonymous_3)","decl":{"start":{"line":20,"column":4},"end":{"line":20,"column":5}},"loc":{"start":{"line":20,"column":21},"end":{"line":22,"column":5}},"line":20},"4":{"name":"(anonymous_4)","decl":{"start":{"line":24,"column":4},"end":{"line":24,"column":5}},"loc":{"start":{"line":24,"column":27},"end":{"line":26,"column":5}},"line":24},"5":{"name":"(anonymous_5)","decl":{"start":{"line":28,"column":4},"end":{"line":28,"column":5}},"loc":{"start":{"line":28,"column":29},"end":{"line":58,"column":5}},"line":28}},"branchMap":{"0":{"loc":{"start":{"line":6,"column":23},"end":{"line":6,"column":33}},"type":"default-arg","locations":[{"start":{"line":6,"column":31},"end":{"line":6,"column":33}}],"line":6},"1":{"loc":{"start":{"line":9,"column":8},"end":{"line":12,"column":9}},"type":"if","locations":[{"start":{"line":9,"column":8},"end":{"line":12,"column":9}},{"start":{},"end":{}}],"line":9}},"s":{"0":0,"1":0,"2":0,"3":0,"4":0,"5":0,"6":0,"7":0,"8":0,"9":0,"10":0,"11":0,"12":0,"13":0},"f":{"0":0,"1":0,"2":0,"3":0,"4":0,"5":0},"b":{"0":[0],"1":[0,0]}}
,"E:\\testProjects\\JS\\AviaSales\\src\\js\\views\\flights.js": {"path":"E:\\testProjects\\JS\\AviaSales\\src\\js\\views\\flights.js","statementMap":{"0":{"start":{"line":5,"column":8},"end":{"line":5,"column":85}},"1":{"start":{"line":6,"column":8},"end":{"line":6,"column":75}},"2":{"start":{"line":10,"column":8},"end":{"line":10,"column":30}},"3":{"start":{"line":12,"column":8},"end":{"line":15,"column":9}},"4":{"start":{"line":13,"column":12},"end":{"line":13,"column":32}},"5":{"start":{"line":14,"column":12},"end":{"line":14,"column":19}},"6":{"start":{"line":17,"column":30},"end":{"line":17,"column":54}},"7":{"start":{"line":18,"column":23},"end":{"line":18,"column":25}},"8":{"start":{"line":19,"column":8},"end":{"line":22,"column":11}},"9":{"start":{"line":20,"column":29},"end":{"line":20,"column":60}},"10":{"start":{"line":21,"column":12},"end":{"line":21,"column":33}},"11":{"start":{"line":23,"column":8},"end":{"line":23,"column":66}},"12":{"start":{"line":27,"column":8},"end":{"line":27,"column":38}},"13":{"start":{"line":31,"column":25},"end":{"line":31,"column":52}},"14":{"start":{"line":32,"column":8},"end":{"line":32,"column":66}},"15":{"start":{"line":36,"column":8},"end":{"line":40,"column":10}},"16":{"start":{"line":44,"column":8},"end":{"line":72,"column":10}},"17":{"start":{"line":76,"column":17},"end":{"line":76,"column":41}}},"fnMap":{"0":{"name":"(anonymous_0)","decl":{"start":{"line":4,"column":4},"end":{"line":4,"column":5}},"loc":{"start":{"line":4,"column":26},"end":{"line":7,"column":5}},"line":4},"1":{"name":"(anonymous_1)","decl":{"start":{"line":9,"column":4},"end":{"line":9,"column":5}},"loc":{"start":{"line":9,"column":27},"end":{"line":24,"column":5}},"line":9},"2":{"name":"(anonymous_2)","decl":{"start":{"line":19,"column":24},"end":{"line":19,"column":25}},"loc":{"start":{"line":19,"column":34},"end":{"line":22,"column":9}},"line":19},"3":{"name":"(anonymous_3)","decl":{"start":{"line":26,"column":4},"end":{"line":26,"column":5}},"loc":{"start":{"line":26,"column":21},"end":{"line":28,"column":5}},"line":26},"4":{"name":"(anonymous_4)","decl":{"start":{"line":30,"column":4},"end":{"line":30,"column":5}},"loc":{"start":{"line":30,"column":19},"end":{"line":33,"column":5}},"line":30},"5":{"name":"(anonymous_5)","decl":{"start":{"line":35,"column":4},"end":{"line":35,"column":5}},"loc":{"start":{"line":35,"column":30},"end":{"line":41,"column":5}},"line":35},"6":{"name":"(anonymous_6)","decl":{"start":{"line":43,"column":4},"end":{"line":43,"column":5}},"loc":{"start":{"line":43,"column":34},"end":{"line":73,"column":5}},"line":43}},"branchMap":{"0":{"loc":{"start":{"line":12,"column":8},"end":{"line":15,"column":9}},"type":"if","locations":[{"start":{"line":12,"column":8},"end":{"line":15,"column":9}},{"start":{},"end":{}}],"line":12}},"s":{"0":0,"1":0,"2":0,"3":0,"4":0,"5":0,"6":0,"7":0,"8":0,"9":0,"10":0,"11":0,"12":0,"13":0,"14":0,"15":0,"16":0,"17":0},"f":{"0":0,"1":0,"2":0,"3":0,"4":0,"5":0,"6":0},"b":{"0":[0,0]}}
,"E:\\testProjects\\JS\\AviaSales\\src\\js\\views\\form.js": {"path":"E:\\testProjects\\JS\\AviaSales\\src\\js\\views\\form.js","statementMap":{"0":{"start":{"line":5,"column":8},"end":{"line":5,"column":56}},"1":{"start":{"line":6,"column":8},"end":{"line":6,"column":69}},"2":{"start":{"line":7,"column":8},"end":{"line":7,"column":79}},"3":{"start":{"line":8,"column":8},"end":{"line":8,"column":67}},"4":{"start":{"line":9,"column":8},"end":{"line":9,"column":67}},"5":{"start":{"line":10,"column":8},"end":{"line":10,"column":68}},"6":{"start":{"line":11,"column":8},"end":{"line":11,"column":78}},"7":{"start":{"line":12,"column":8},"end":{"line":12,"column":64}},"8":{"start":{"line":13,"column":8},"end":{"line":13,"column":64}},"9":{"start":{"line":17,"column":8},"end":{"line":17,"column":26}},"10":{"start":{"line":21,"column":8},"end":{"line":21,"column":33}},"11":{"start":{"line":25,"column":8},"end":{"line":25,"column":38}},"12":{"start":{"line":29,"column":8},"end":{"line":29,"column":48}},"13":{"start":{"line":33,"column":8},"end":{"line":33,"column":48}},"14":{"start":{"line":37,"column":8},"end":{"line":37,"column":49}},"15":{"start":{"line":38,"column":8},"end":{"line":38,"column":54}},"16":{"start":{"line":42,"column":15},"end":{"line":42,"column":73}}},"fnMap":{"0":{"name":"(anonymous_0)","decl":{"start":{"line":4,"column":4},"end":{"line":4,"column":5}},"loc":{"start":{"line":4,"column":58},"end":{"line":14,"column":5}},"line":4},"1":{"name":"(anonymous_1)","decl":{"start":{"line":16,"column":4},"end":{"line":16,"column":5}},"loc":{"start":{"line":16,"column":15},"end":{"line":18,"column":5}},"line":16},"2":{"name":"(anonymous_2)","decl":{"start":{"line":20,"column":4},"end":{"line":20,"column":5}},"loc":{"start":{"line":20,"column":22},"end":{"line":22,"column":5}},"line":20},"3":{"name":"(anonymous_3)","decl":{"start":{"line":24,"column":4},"end":{"line":24,"column":5}},"loc":{"start":{"line":24,"column":27},"end":{"line":26,"column":5}},"line":24},"4":{"name":"(anonymous_4)","decl":{"start":{"line":28,"column":4},"end":{"line":28,"column":5}},"loc":{"start":{"line":28,"column":22},"end":{"line":30,"column":5}},"line":28},"5":{"name":"(anonymous_5)","decl":{"start":{"line":32,"column":4},"end":{"line":32,"column":5}},"loc":{"start":{"line":32,"column":22},"end":{"line":34,"column":5}},"line":32},"6":{"name":"(anonymous_6)","decl":{"start":{"line":36,"column":4},"end":{"line":36,"column":5}},"loc":{"start":{"line":36,"column":30},"end":{"line":39,"column":5}},"line":36}},"branchMap":{},"s":{"0":0,"1":0,"2":0,"3":0,"4":0,"5":0,"6":0,"7":0,"8":0,"9":0,"10":0,"11":0,"12":0,"13":0,"14":0,"15":0,"16":0},"f":{"0":0,"1":0,"2":0,"3":0,"4":0,"5":0,"6":0},"b":{}}
,"E:\\testProjects\\JS\\AviaSales\\src\\js\\views\\loader.js": {"path":"E:\\testProjects\\JS\\AviaSales\\src\\js\\views\\loader.js","statementMap":{"0":{"start":{"line":3,"column":26},"end":{"line":3,"column":65}},"1":{"start":{"line":4,"column":23},"end":{"line":8,"column":9}},"2":{"start":{"line":9,"column":8},"end":{"line":9,"column":58}},"3":{"start":{"line":13,"column":23},"end":{"line":13,"column":58}},"4":{"start":{"line":14,"column":8},"end":{"line":16,"column":9}},"5":{"start":{"line":15,"column":12},"end":{"line":15,"column":28}}},"fnMap":{"0":{"name":"(anonymous_0)","decl":{"start":{"line":2,"column":4},"end":{"line":2,"column":5}},"loc":{"start":{"line":2,"column":24},"end":{"line":10,"column":5}},"line":2},"1":{"name":"(anonymous_1)","decl":{"start":{"line":12,"column":4},"end":{"line":12,"column":5}},"loc":{"start":{"line":12,"column":24},"end":{"line":17,"column":5}},"line":12}},"branchMap":{"0":{"loc":{"start":{"line":14,"column":8},"end":{"line":16,"column":9}},"type":"if","locations":[{"start":{"line":14,"column":8},"end":{"line":16,"column":9}},{"start":{},"end":{}}],"line":14}},"s":{"0":0,"1":0,"2":0,"3":0,"4":0,"5":0},"f":{"0":0,"1":0},"b":{"0":[0,0]}}
}
